#
# There is insufficient memory for the Java Runtime Environment to continue.
# Native memory allocation (malloc) failed to allocate 445536 bytes for Chunk::new
# Possible reasons:
#   The system is out of physical RAM or swap space
#   In 32 bit mode, the process size limit was hit
# Possible solutions:
#   Reduce memory load on the system
#   Increase physical memory or swap space
#   Check if swap backing store is full
#   Use 64 bit Java on a 64 bit OS
#   Decrease Java heap size (-Xmx/-Xms)
#   Decrease number of Java threads
#   Decrease Java thread stack sizes (-Xss)
#   Set larger code cache with -XX:ReservedCodeCacheSize=
# This output file may be truncated or incomplete.
#
#  Out of Memory Error (allocation.cpp:325), pid=19668, tid=21072
#
# JRE version: 7.0_02-b13
# Java VM: Java HotSpot(TM) 64-Bit Server VM (22.0-b10 mixed mode windows-amd64 compressed oops)
# Failed to write core dump. Minidumps are not enabled by default on client versions of Windows
#

---------------  T H R E A D  ---------------

Current thread (0x0000000006161800):  JavaThread "C2 CompilerThread0" daemon [_thread_in_native, id=21072, stack(0x0000000006e60000,0x0000000006f60000)]

Stack: [0x0000000006e60000,0x0000000006f60000]

Current CompileTask:
C2:   1731  101             com.android.dx.ssa.SsaMethod::forEachInsn (36 bytes)


---------------  P R O C E S S  ---------------

Java Threads: ( => current thread )
  0x000000000750c000 JavaThread "pool-1-thread-4" [_thread_in_Java, id=4724, stack(0x00000000081c0000,0x00000000082c0000)]
  0x000000000750b800 JavaThread "pool-1-thread-3" [_thread_in_Java, id=9660, stack(0x0000000007f70000,0x0000000008070000)]
  0x0000000007475800 JavaThread "pool-1-thread-2" [_thread_in_Java, id=20376, stack(0x0000000006c10000,0x0000000006d10000)]
  0x0000000007474800 JavaThread "pool-2-thread-1" [_thread_blocked, id=8984, stack(0x0000000007d70000,0x0000000007e70000)]
  0x000000000749f000 JavaThread "pool-1-thread-1" [_thread_in_Java, id=19308, stack(0x0000000007af0000,0x0000000007bf0000)]
  0x000000000616d000 JavaThread "Service Thread" daemon [_thread_blocked, id=14508, stack(0x0000000007120000,0x0000000007220000)]
  0x000000000616b800 JavaThread "C2 CompilerThread1" daemon [_thread_in_native, id=3084, stack(0x0000000007000000,0x0000000007100000)]
=>0x0000000006161800 JavaThread "C2 CompilerThread0" daemon [_thread_in_native, id=21072, stack(0x0000000006e60000,0x0000000006f60000)]
  0x000000000615e800 JavaThread "Attach Listener" daemon [_thread_blocked, id=13716, stack(0x0000000006d30000,0x0000000006e30000)]
  0x0000000006159800 JavaThread "Signal Dispatcher" daemon [_thread_blocked, id=8392, stack(0x0000000006950000,0x0000000006a50000)]
  0x00000000022ce800 JavaThread "Finalizer" daemon [_thread_blocked, id=21160, stack(0x0000000006ac0000,0x0000000006bc0000)]
  0x00000000022cd000 JavaThread "Reference Handler" daemon [_thread_blocked, id=20632, stack(0x0000000006820000,0x0000000006920000)]
  0x00000000021db800 JavaThread "main" [_thread_in_Java, id=9984, stack(0x0000000002320000,0x0000000002420000)]

Other Threads:
  0x00000000022c5800 VMThread [stack: 0x00000000065e0000,0x00000000066e0000] [id=20880]
  0x000000000617c000 WatcherThread [stack: 0x0000000007320000,0x0000000007420000] [id=16336]

VM state:not at safepoint (normal execution)

VM Mutex/Monitor currently owned by a thread: None

Heap
 PSYoungGen      total 18432K, used 15808K [0x00000000eaab0000, 0x00000000ebf40000, 0x0000000100000000)
  eden space 15808K, 100% used [0x00000000eaab0000,0x00000000eba20000,0x00000000eba20000)
  from space 2624K, 0% used [0x00000000ebcb0000,0x00000000ebcb0000,0x00000000ebf40000)
  to   space 2624K, 0% used [0x00000000eba20000,0x00000000eba20000,0x00000000ebcb0000)
 PSOldGen        total 42112K, used 0K [0x00000000c0000000, 0x00000000c2920000, 0x00000000eaab0000)
  object space 42112K, 0% used [0x00000000c0000000,0x00000000c0000000,0x00000000c2920000)
 PSPermGen       total 21248K, used 5706K [0x00000000bae00000, 0x00000000bc2c0000, 0x00000000c0000000)
  object space 21248K, 26% used [0x00000000bae00000,0x00000000bb392a10,0x00000000bc2c0000)

Code Cache  [0x0000000002420000, 0x0000000002690000, 0x0000000005420000)
 total_blobs=342 nmethods=109 adapters=185 free_code_cache=48615Kb largest_free_block=49760832

Dynamic libraries:
0x000000013f090000 - 0x000000013f0c3000 	C:\Program Files\Java\jdk1.7.0_02\bin\java.exe
0x0000000077970000 - 0x0000000077b18000 	C:\Windows\SYSTEM32\ntdll.dll
0x0000000077850000 - 0x000000007796f000 	C:\Windows\system32\kernel32.dll
0x000007fefd9f0000 - 0x000007fefda5c000 	C:\Windows\system32\KERNELBASE.dll
0x000007fefe2d0000 - 0x000007fefe3ab000 	C:\Windows\system32\ADVAPI32.dll
0x000007feff950000 - 0x000007feff9ef000 	C:\Windows\system32\msvcrt.dll
0x000007feffa50000 - 0x000007feffa6f000 	C:\Windows\SYSTEM32\sechost.dll
0x000007feff610000 - 0x000007feff73d000 	C:\Windows\system32\RPCRT4.dll
0x0000000077750000 - 0x000000007784a000 	C:\Windows\system32\USER32.dll
0x000007feff170000 - 0x000007feff1d7000 	C:\Windows\system32\GDI32.dll
0x000007fefe2c0000 - 0x000007fefe2ce000 	C:\Windows\system32\LPK.dll
0x000007feff390000 - 0x000007feff459000 	C:\Windows\system32\USP10.dll
0x000007fefc2c0000 - 0x000007fefc4b4000 	C:\Windows\WinSxS\amd64_microsoft.windows.common-controls_6595b64144ccf1df_6.0.7601.17514_none_fa396087175ac9ac\COMCTL32.dll
0x000007feff4b0000 - 0x000007feff521000 	C:\Windows\system32\SHLWAPI.dll
0x000007feffa70000 - 0x000007feffa9e000 	C:\Windows\system32\IMM32.DLL
0x000007feff1e0000 - 0x000007feff2e9000 	C:\Windows\system32\MSCTF.dll
0x0000000066250000 - 0x0000000066321000 	C:\Program Files\Java\jdk1.7.0_02\jre\bin\msvcr100.dll
0x0000000062b80000 - 0x000000006325a000 	C:\Program Files\Java\jdk1.7.0_02\jre\bin\server\jvm.dll
0x000007fef8c30000 - 0x000007fef8c39000 	C:\Windows\system32\WSOCK32.dll
0x000007feff460000 - 0x000007feff4ad000 	C:\Windows\system32\WS2_32.dll
0x000007fefe3d0000 - 0x000007fefe3d8000 	C:\Windows\system32\NSI.dll
0x000007fefb730000 - 0x000007fefb76b000 	C:\Windows\system32\WINMM.dll
0x0000000077b30000 - 0x0000000077b37000 	C:\Windows\system32\PSAPI.DLL
0x0000000075380000 - 0x000000007538f000 	C:\Program Files\Java\jdk1.7.0_02\jre\bin\verify.dll
0x00000000678b0000 - 0x00000000678d8000 	C:\Program Files\Java\jdk1.7.0_02\jre\bin\java.dll
0x00000000752d0000 - 0x00000000752e5000 	C:\Program Files\Java\jdk1.7.0_02\jre\bin\zip.dll
0x0000000075230000 - 0x0000000075249000 	C:\Program Files\Java\jdk1.7.0_02\jre\bin\net.dll
0x000007fefcfc0000 - 0x000007fefd015000 	C:\Windows\system32\mswsock.dll
0x000007fefd0f0000 - 0x000007fefd0f7000 	C:\Windows\System32\wship6.dll
0x000000006c1a0000 - 0x000000006c1b1000 	C:\Program Files\Java\jdk1.7.0_02\jre\bin\nio.dll

VM Arguments:
jvm_args: -Djava.awt.headless=true -Xmx1024M -Dfile.encoding=windows-1252 -Duser.country=US -Duser.language=en -Duser.variant 
java_command: com.android.dx.command.Main --dex --num-threads=4 --output C:\Users\OWNER\Documents\Cosmic Meneuver\build june 29th\Jizz Handed\Cosmic Maneuver\android\build\intermediates\pre-dexed\debug\gdx-freetype-1.9.3_66c0842ac01c7a220df66d165e37055c6f36b7e2.jar C:\Users\OWNER\.gradle\caches\modules-2\files-2.1\com.badlogicgames.gdx\gdx-freetype\1.9.3\dc44a8c15ce18fec8cdbdbd74bbb8bce3ccbba84\gdx-freetype-1.9.3.jar
Launcher Type: SUN_STANDARD

Environment Variables:
JAVA_HOME=C:\Program Files\Java\jdk1.7.0_02
PATH=C:\Windows\system32;C:\Windows;C:\Windows\system32\wbem;C:\Program Files\Common Files\Microsoft Shared\Windows Live;C:\Program Files (x86)\Common Files\Microsoft Shared\Windows Live;C:\Program Files (x86)\NVIDIA Corporation\PhysX\Common;C:\Windows\System32\WindowsPowerShell\v1.0;C:\Program Files (x86)\Windows Live\Shared;C:\Program Files (x86)\EgisTec MyWinLocker\x64;C:\Program Files (x86)\EgisTec MyWinLocker;c:\Program Files (x86)\Microsoft SQL Server\100\Tools\Binn;c:\Program Files\Microsoft SQL Server\100\Tools\Binn;c:\Program Files\Microsoft SQL Server\100\DTS\Binn;C:\Program Files (x86)\QuickTime\QTSystem\;C:\Windows\system32\config\systemprofile\.dnx\bin;C:\Program Files\Microsoft DNX\Dnvm\;C:\Program Files (x86)\Skype\Phone\;C:\Program Files\nodejs\;C:\Program Files\Java\jdk1.7.0_02\bin;C:\Users\OWNER\AppData\Roaming\npm
USERNAME=OWNER
OS=Windows_NT
PROCESSOR_IDENTIFIER=Intel64 Family 6 Model 42 Stepping 7, GenuineIntel



---------------  S Y S T E M  ---------------

OS: Windows 7 , 64 bit Build 7601 Service Pack 1

CPU:total 4 (2 cores per cpu, 2 threads per core) family 6 model 42 stepping 7, cmov, cx8, fxsr, mmx, sse, sse2, sse3, ssse3, sse4.1, sse4.2, popcnt, ht

Memory: 4k page, physical 4042608k(618332k free), swap 8185908k(5212k free)

vm_info: Java HotSpot(TM) 64-Bit Server VM (22.0-b10) for windows-amd64 JRE (1.7.0_02-b13), built on Nov 17 2011 13:51:15 by "java_re" with unknown MS VC++:1600

time: Thu Jul 07 11:10:56 2016
elapsed time: 1 seconds

