#
# There is insufficient memory for the Java Runtime Environment to continue.
# Native memory allocation (malloc) failed to allocate 32744 bytes for ChunkPool::allocate
# Possible reasons:
#   The system is out of physical RAM or swap space
#   In 32 bit mode, the process size limit was hit
# Possible solutions:
#   Reduce memory load on the system
#   Increase physical memory or swap space
#   Check if swap backing store is full
#   Use 64 bit Java on a 64 bit OS
#   Decrease Java heap size (-Xmx/-Xms)
#   Decrease number of Java threads
#   Decrease Java thread stack sizes (-Xss)
#   Set larger code cache with -XX:ReservedCodeCacheSize=
# This output file may be truncated or incomplete.
#
#  Out of Memory Error (allocation.cpp:219), pid=21532, tid=15448
#
# JRE version: 7.0_02-b13
# Java VM: Java HotSpot(TM) 64-Bit Server VM (22.0-b10 mixed mode windows-amd64 compressed oops)
# Failed to write core dump. Minidumps are not enabled by default on client versions of Windows
#

---------------  T H R E A D  ---------------

Current thread (0x00000000061a4000):  JavaThread "C2 CompilerThread1" daemon [_thread_in_native, id=15448, stack(0x0000000006f80000,0x0000000007080000)]

Stack: [0x0000000006f80000,0x0000000007080000]

Current CompileTask:
C2:   7881   19             java.lang.String::indexOf (166 bytes)


---------------  P R O C E S S  ---------------

Java Threads: ( => current thread )
  0x00000000061a6000 JavaThread "Service Thread" daemon [_thread_blocked, id=7600, stack(0x00000000070f0000,0x00000000071f0000)]
=>0x00000000061a4000 JavaThread "C2 CompilerThread1" daemon [_thread_in_native, id=15448, stack(0x0000000006f80000,0x0000000007080000)]
  0x0000000006197000 JavaThread "C2 CompilerThread0" daemon [_thread_in_native, id=9084, stack(0x0000000006db0000,0x0000000006eb0000)]
  0x0000000006194000 JavaThread "Attach Listener" daemon [_thread_blocked, id=9868, stack(0x0000000006ca0000,0x0000000006da0000)]
  0x000000000618e800 JavaThread "Signal Dispatcher" daemon [_thread_blocked, id=22104, stack(0x0000000006650000,0x0000000006750000)]
  0x00000000020f9000 JavaThread "Finalizer" daemon [_thread_blocked, id=20732, stack(0x0000000006b10000,0x0000000006c10000)]
  0x00000000020ed000 JavaThread "Reference Handler" daemon [_thread_blocked, id=22144, stack(0x0000000006950000,0x0000000006a50000)]
  0x00000000021bb800 JavaThread "main" [_thread_in_vm, id=19180, stack(0x0000000002200000,0x0000000002300000)]

Other Threads:
  0x00000000020e5800 VMThread [stack: 0x0000000006790000,0x0000000006890000] [id=22240]
  0x00000000061b1000 WatcherThread [stack: 0x00000000072c0000,0x00000000073c0000] [id=9008]

VM state:not at safepoint (normal execution)

VM Mutex/Monitor currently owned by a thread:  ([mutex/lock_event])
[0x00000000021ba210] AdapterHandlerLibrary_lock - owner thread: 0x00000000021bb800

Heap
 PSYoungGen      total 18432K, used 3529K [0x00000000eaab0000, 0x00000000ebf40000, 0x0000000100000000)
  eden space 15808K, 22% used [0x00000000eaab0000,0x00000000eae225b8,0x00000000eba20000)
  from space 2624K, 0% used [0x00000000ebcb0000,0x00000000ebcb0000,0x00000000ebf40000)
  to   space 2624K, 0% used [0x00000000eba20000,0x00000000eba20000,0x00000000ebcb0000)
 PSOldGen        total 42112K, used 0K [0x00000000c0000000, 0x00000000c2920000, 0x00000000eaab0000)
  object space 42112K, 0% used [0x00000000c0000000,0x00000000c0000000,0x00000000c2920000)
 PSPermGen       total 21248K, used 4008K [0x00000000bae00000, 0x00000000bc2c0000, 0x00000000c0000000)
  object space 21248K, 18% used [0x00000000bae00000,0x00000000bb1ea228,0x00000000bc2c0000)

Code Cache  [0x0000000002410000, 0x0000000002680000, 0x0000000005410000)
 total_blobs=233 nmethods=18 adapters=168 free_code_cache=48725Kb largest_free_block=49883968

Dynamic libraries:
0x000000013fbf0000 - 0x000000013fc23000 	C:\Program Files\Java\jdk1.7.0_02\bin\java.exe
0x0000000077970000 - 0x0000000077b18000 	C:\Windows\SYSTEM32\ntdll.dll
0x0000000077850000 - 0x000000007796f000 	C:\Windows\system32\kernel32.dll
0x000007fefd9f0000 - 0x000007fefda5c000 	C:\Windows\system32\KERNELBASE.dll
0x000007fefe2d0000 - 0x000007fefe3ab000 	C:\Windows\system32\ADVAPI32.dll
0x000007feff950000 - 0x000007feff9ef000 	C:\Windows\system32\msvcrt.dll
0x000007feffa50000 - 0x000007feffa6f000 	C:\Windows\SYSTEM32\sechost.dll
0x000007feff610000 - 0x000007feff73d000 	C:\Windows\system32\RPCRT4.dll
0x0000000077750000 - 0x000000007784a000 	C:\Windows\system32\USER32.dll
0x000007feff170000 - 0x000007feff1d7000 	C:\Windows\system32\GDI32.dll
0x000007fefe2c0000 - 0x000007fefe2ce000 	C:\Windows\system32\LPK.dll
0x000007feff390000 - 0x000007feff459000 	C:\Windows\system32\USP10.dll
0x000007fefc2c0000 - 0x000007fefc4b4000 	C:\Windows\WinSxS\amd64_microsoft.windows.common-controls_6595b64144ccf1df_6.0.7601.17514_none_fa396087175ac9ac\COMCTL32.dll
0x000007feff4b0000 - 0x000007feff521000 	C:\Windows\system32\SHLWAPI.dll
0x000007feffa70000 - 0x000007feffa9e000 	C:\Windows\system32\IMM32.DLL
0x000007feff1e0000 - 0x000007feff2e9000 	C:\Windows\system32\MSCTF.dll
0x0000000066be0000 - 0x0000000066cb1000 	C:\Program Files\Java\jdk1.7.0_02\jre\bin\msvcr100.dll
0x0000000062b80000 - 0x000000006325a000 	C:\Program Files\Java\jdk1.7.0_02\jre\bin\server\jvm.dll
0x000007fef8c30000 - 0x000007fef8c39000 	C:\Windows\system32\WSOCK32.dll
0x000007feff460000 - 0x000007feff4ad000 	C:\Windows\system32\WS2_32.dll
0x000007fefe3d0000 - 0x000007fefe3d8000 	C:\Windows\system32\NSI.dll
0x000007fefb730000 - 0x000007fefb76b000 	C:\Windows\system32\WINMM.dll
0x0000000077b30000 - 0x0000000077b37000 	C:\Windows\system32\PSAPI.DLL
0x0000000075380000 - 0x000000007538f000 	C:\Program Files\Java\jdk1.7.0_02\jre\bin\verify.dll
0x0000000075280000 - 0x00000000752a8000 	C:\Program Files\Java\jdk1.7.0_02\jre\bin\java.dll
0x0000000075230000 - 0x0000000075245000 	C:\Program Files\Java\jdk1.7.0_02\jre\bin\zip.dll
0x0000000074ea0000 - 0x0000000074eb9000 	C:\Program Files\Java\jdk1.7.0_02\jre\bin\net.dll
0x000007fefcfc0000 - 0x000007fefd015000 	C:\Windows\system32\mswsock.dll
0x000007fefd0f0000 - 0x000007fefd0f7000 	C:\Windows\System32\wship6.dll
0x00000000752d0000 - 0x00000000752e1000 	C:\Program Files\Java\jdk1.7.0_02\jre\bin\nio.dll

VM Arguments:
jvm_args: -Djava.awt.headless=true -Xmx1024M -Dfile.encoding=windows-1252 -Duser.country=US -Duser.language=en -Duser.variant 
java_command: com.android.dx.command.Main --dex --num-threads=4 --output C:\Users\OWNER\Documents\Cosmic Meneuver\build june 29th\Jizz Handed\Cosmic Maneuver\android\build\intermediates\pre-dexed\debug\gdx-backend-android-1.9.3_01202267242fdbe06b3a68efbc3ccd8fbbe8c6dc.jar C:\Users\OWNER\.gradle\caches\modules-2\files-2.1\com.badlogicgames.gdx\gdx-backend-android\1.9.3\c45573bf68b55442990936f007e7d6823d259c1f\gdx-backend-android-1.9.3.jar
Launcher Type: SUN_STANDARD

Environment Variables:
JAVA_HOME=C:\Program Files\Java\jdk1.7.0_02
PATH=C:\Windows\system32;C:\Windows;C:\Windows\system32\wbem;C:\Program Files\Common Files\Microsoft Shared\Windows Live;C:\Program Files (x86)\Common Files\Microsoft Shared\Windows Live;C:\Program Files (x86)\NVIDIA Corporation\PhysX\Common;C:\Windows\System32\WindowsPowerShell\v1.0;C:\Program Files (x86)\Windows Live\Shared;C:\Program Files (x86)\EgisTec MyWinLocker\x64;C:\Program Files (x86)\EgisTec MyWinLocker;c:\Program Files (x86)\Microsoft SQL Server\100\Tools\Binn;c:\Program Files\Microsoft SQL Server\100\Tools\Binn;c:\Program Files\Microsoft SQL Server\100\DTS\Binn;C:\Program Files (x86)\QuickTime\QTSystem\;C:\Windows\system32\config\systemprofile\.dnx\bin;C:\Program Files\Microsoft DNX\Dnvm\;C:\Program Files (x86)\Skype\Phone\;C:\Program Files\nodejs\;C:\Program Files\Java\jdk1.7.0_02\bin;C:\Users\OWNER\AppData\Roaming\npm
USERNAME=OWNER
OS=Windows_NT
PROCESSOR_IDENTIFIER=Intel64 Family 6 Model 42 Stepping 7, GenuineIntel



---------------  S Y S T E M  ---------------

OS: Windows 7 , 64 bit Build 7601 Service Pack 1

CPU:total 4 (2 cores per cpu, 2 threads per core) family 6 model 42 stepping 7, cmov, cx8, fxsr, mmx, sse, sse2, sse3, ssse3, sse4.1, sse4.2, popcnt, ht

Memory: 4k page, physical 4042608k(488148k free), swap 8185908k(4880k free)

vm_info: Java HotSpot(TM) 64-Bit Server VM (22.0-b10) for windows-amd64 JRE (1.7.0_02-b13), built on Nov 17 2011 13:51:15 by "java_re" with unknown MS VC++:1600

time: Thu Jul 07 19:46:23 2016
elapsed time: 7 seconds

